[debug] [2023-03-07T14:09:25.133Z] ----------------------------------------------------------------------
[debug] [2023-03-07T14:09:25.134Z] Command:       /usr/local/bin/node /usr/local/bin/firebase init
[debug] [2023-03-07T14:09:25.134Z] CLI Version:   11.24.0
[debug] [2023-03-07T14:09:25.134Z] Platform:      darwin
[debug] [2023-03-07T14:09:25.134Z] Node Version:  v16.15.0
[debug] [2023-03-07T14:09:25.135Z] Time:          Tue Mar 07 2023 22:09:25 GMT+0800 (Singapore Standard Time)
[debug] [2023-03-07T14:09:25.135Z] ----------------------------------------------------------------------
[debug] 
[debug] [2023-03-07T14:09:25.138Z] > command requires scopes: ["email","openid","https://www.googleapis.com/auth/cloudplatformprojects.readonly","https://www.googleapis.com/auth/firebase","https://www.googleapis.com/auth/cloud-platform"]
[debug] [2023-03-07T14:09:25.138Z] > authorizing via signed-in user (huangrz0702@gmail.com)
[info] 
     ######## #### ########  ######## ########     ###     ######  ########
     ##        ##  ##     ## ##       ##     ##  ##   ##  ##       ##
     ######    ##  ########  ######   ########  #########  ######  ######
     ##        ##  ##    ##  ##       ##     ## ##     ##       ## ##
     ##       #### ##     ## ######## ########  ##     ##  ######  ########

You're about to initialize a Firebase project in this directory:

  /Users/renzhou/Y2S2/BT3103/meNUS/meNUS

[info] 
=== Project Setup
[info] 
[info] First, let's associate this project directory with a Firebase project.
[info] You can create multiple project aliases by running firebase use --add, 
[info] but for now we'll just set up a default project.
[info] 
[info] i  If you want to create a project in a Google Cloud organization or folder, please use "firebase projects:create" instead, and return to this command when you've created the project. 
[debug] [2023-03-07T14:09:57.843Z] >>> [apiv2][query] POST https://cloudresourcemanager.googleapis.com/v1/projects [none]
[debug] [2023-03-07T14:09:57.843Z] >>> [apiv2][body] POST https://cloudresourcemanager.googleapis.com/v1/projects {"projectId":"bt3103","name":"meNUS"}
[debug] [2023-03-07T14:09:58.965Z] <<< [apiv2][status] POST https://cloudresourcemanager.googleapis.com/v1/projects 409
[debug] [2023-03-07T14:09:58.965Z] <<< [apiv2][body] POST https://cloudresourcemanager.googleapis.com/v1/projects {"error":{"code":409,"message":"Requested entity already exists","status":"ALREADY_EXISTS"}}
[debug] [2023-03-07T14:09:58.996Z] FirebaseError: HTTP Error: 409, Requested entity already exists
    at responseToError (/usr/local/lib/node_modules/firebase-tools/lib/responseToError.js:49:12)
    at RetryOperation._fn (/usr/local/lib/node_modules/firebase-tools/lib/apiv2.js:288:77)
    at processTicksAndRejections (node:internal/process/task_queues:96:5)
[error] 
[error] Error: Failed to create project because there is already a project with ID bt3103. Please try again with a unique project ID.
